[Mon, 08 Jan 18 11:52:30 +0800][INFO] SELECT IF(COUNT(*) > 0, 1, 0) FROM `INFORMATION_SCHEMA`.`TABLES` WHERE `TABLE_NAME` = 'division' AND `TABLE_SCHEMA` = DATABASE()
[Mon, 08 Jan 18 11:52:30 +0800][INFO] DESCRIBE `division`
[Mon, 08 Jan 18 11:52:30 +0800][INFO] SELECT `division`.`id`, `division`.`name`, `division`.`description`, `division`.`username`, `division`.`password`, `division`.`url` FROM `division` WHERE `division`.`username` = :username AND `division`.`password` = :password LIMIT :APL0
[Mon, 08 Jan 18 11:52:34 +0800][INFO] SELECT IF(COUNT(*) > 0, 1, 0) FROM `INFORMATION_SCHEMA`.`TABLES` WHERE `TABLE_NAME` = 'category' AND `TABLE_SCHEMA` = DATABASE()
[Mon, 08 Jan 18 11:52:34 +0800][INFO] DESCRIBE `category`
[Mon, 08 Jan 18 11:52:34 +0800][INFO] SELECT `category`.`id`, `category`.`division_id`, `category`.`name`, `category`.`description`, `category`.`language`, `category`.`visibility`, `category`.`status`, `category`.`parent_id`, `category`.`path`, `category`.`ctime`, `category`.`mtime` FROM `category` WHERE `category`.`division_id` = '1'
[Mon, 08 Jan 18 11:52:50 +0800][INFO] SELECT IF(COUNT(*) > 0, 1, 0) FROM `INFORMATION_SCHEMA`.`TABLES` WHERE `TABLE_NAME` = 'article' AND `TABLE_SCHEMA` = DATABASE()
[Mon, 08 Jan 18 11:52:50 +0800][INFO] DESCRIBE `article`
[Mon, 08 Jan 18 11:52:50 +0800][INFO] SELECT `article`.`id`, `article`.`division_id`, `article`.`category_id`, `article`.`division_category_id`, `article`.`title`, `article`.`content`, `article`.`author`, `article`.`keyword`, `article`.`description`, `article`.`image`, `article`.`language`, `article`.`source`, `article`.`share`, `article`.`attribute`, `article`.`visibility`, `article`.`status`, `article`.`ctime`, `article`.`mtime` FROM `article` WHERE `article`.`division_id` = '1' AND `article`.`status` = 'Enabled' ORDER BY `article`.`id` DESC LIMIT :APL0
[Mon, 08 Jan 18 11:52:50 +0800][INFO] SELECT COUNT(*) AS `rowcount` FROM `article` WHERE `article`.`division_id` = '1' AND `article`.`status` = 'Enabled'
[Mon, 08 Jan 18 11:52:50 +0800][INFO] SELECT IF(COUNT(*) > 0, 1, 0) FROM `INFORMATION_SCHEMA`.`TABLES` WHERE `TABLE_NAME` = 'category' AND `TABLE_SCHEMA` = DATABASE()
[Mon, 08 Jan 18 11:52:50 +0800][INFO] DESCRIBE `category`
[Mon, 08 Jan 18 11:52:50 +0800][INFO] SELECT `category`.`id`, `category`.`division_id`, `category`.`name`, `category`.`description`, `category`.`language`, `category`.`visibility`, `category`.`status`, `category`.`parent_id`, `category`.`path`, `category`.`ctime`, `category`.`mtime` FROM `category` WHERE `category`.`division_id` = 1
[Mon, 08 Jan 18 11:52:52 +0800][INFO] SELECT IF(COUNT(*) > 0, 1, 0) FROM `INFORMATION_SCHEMA`.`TABLES` WHERE `TABLE_NAME` = 'category' AND `TABLE_SCHEMA` = DATABASE()
[Mon, 08 Jan 18 11:52:52 +0800][INFO] DESCRIBE `category`
[Mon, 08 Jan 18 11:52:52 +0800][INFO] SELECT `category`.`id`, `category`.`division_id`, `category`.`name`, `category`.`description`, `category`.`language`, `category`.`visibility`, `category`.`status`, `category`.`parent_id`, `category`.`path`, `category`.`ctime`, `category`.`mtime` FROM `category` WHERE `category`.`division_id` = 1
[Mon, 08 Jan 18 11:53:05 +0800][INFO] SELECT IF(COUNT(*) > 0, 1, 0) FROM `INFORMATION_SCHEMA`.`TABLES` WHERE `TABLE_NAME` = 'template' AND `TABLE_SCHEMA` = DATABASE()
[Mon, 08 Jan 18 11:53:05 +0800][INFO] DESCRIBE `template`
[Mon, 08 Jan 18 11:53:05 +0800][INFO] SELECT `template`.`id`, `template`.`division_id`, `template`.`name`, `template`.`decription`, `template`.`content`, `template`.`type`, `template`.`status`, `template`.`engine`, `template`.`ctime`, `template`.`mtime` FROM `template` WHERE `template`.`division_id` = '1' AND `template`.`status` <> 'Deleted' ORDER BY `template`.`id` DESC LIMIT :APL0
[Mon, 08 Jan 18 11:53:05 +0800][INFO] SELECT COUNT(*) AS `rowcount` FROM `template` WHERE `template`.`division_id` = '1' AND `template`.`status` <> 'Deleted'
[Mon, 08 Jan 18 11:53:11 +0800][INFO] SELECT IF(COUNT(*) > 0, 1, 0) FROM `INFORMATION_SCHEMA`.`TABLES` WHERE `TABLE_NAME` = 'category' AND `TABLE_SCHEMA` = DATABASE()
[Mon, 08 Jan 18 11:53:11 +0800][INFO] DESCRIBE `category`
[Mon, 08 Jan 18 11:53:11 +0800][INFO] SELECT `category`.`id`, `category`.`division_id`, `category`.`name`, `category`.`description`, `category`.`language`, `category`.`visibility`, `category`.`status`, `category`.`parent_id`, `category`.`path`, `category`.`ctime`, `category`.`mtime` FROM `category` WHERE `category`.`division_id` = 1
[Mon, 08 Jan 18 11:53:12 +0800][INFO] SELECT IF(COUNT(*) > 0, 1, 0) FROM `INFORMATION_SCHEMA`.`TABLES` WHERE `TABLE_NAME` = 'category' AND `TABLE_SCHEMA` = DATABASE()
[Mon, 08 Jan 18 11:53:12 +0800][INFO] DESCRIBE `category`
[Mon, 08 Jan 18 11:53:12 +0800][INFO] SELECT `category`.`id`, `category`.`division_id`, `category`.`name`, `category`.`description`, `category`.`language`, `category`.`visibility`, `category`.`status`, `category`.`parent_id`, `category`.`path`, `category`.`ctime`, `category`.`mtime` FROM `category` WHERE `category`.`division_id` = 1
[Mon, 08 Jan 18 11:53:22 +0800][INFO] SELECT IF(COUNT(*) > 0, 1, 0) FROM `INFORMATION_SCHEMA`.`TABLES` WHERE `TABLE_NAME` = 'category' AND `TABLE_SCHEMA` = DATABASE()
[Mon, 08 Jan 18 11:53:22 +0800][INFO] DESCRIBE `category`
[Mon, 08 Jan 18 11:53:22 +0800][INFO] SELECT `category`.`id`, `category`.`division_id`, `category`.`name`, `category`.`description`, `category`.`language`, `category`.`visibility`, `category`.`status`, `category`.`parent_id`, `category`.`path`, `category`.`ctime`, `category`.`mtime` FROM `category` WHERE `category`.`division_id` = '1'
[Mon, 08 Jan 18 12:33:24 +0800][INFO] SELECT IF(COUNT(*) > 0, 1, 0) FROM `INFORMATION_SCHEMA`.`TABLES` WHERE `TABLE_NAME` = 'division' AND `TABLE_SCHEMA` = DATABASE()
[Mon, 08 Jan 18 12:33:25 +0800][INFO] DESCRIBE `division`
[Mon, 08 Jan 18 12:33:25 +0800][INFO] SELECT `division`.`id`, `division`.`name`, `division`.`description`, `division`.`username`, `division`.`password`, `division`.`url` FROM `division` WHERE `division`.`username` = :username AND `division`.`password` = :password LIMIT :APL0
[Mon, 08 Jan 18 12:33:31 +0800][INFO] SELECT IF(COUNT(*) > 0, 1, 0) FROM `INFORMATION_SCHEMA`.`TABLES` WHERE `TABLE_NAME` = 'category' AND `TABLE_SCHEMA` = DATABASE()
[Mon, 08 Jan 18 12:33:31 +0800][INFO] DESCRIBE `category`
[Mon, 08 Jan 18 12:33:31 +0800][INFO] SELECT `category`.`id`, `category`.`division_id`, `category`.`name`, `category`.`description`, `category`.`language`, `category`.`visibility`, `category`.`status`, `category`.`parent_id`, `category`.`path`, `category`.`ctime`, `category`.`mtime` FROM `category` WHERE `category`.`division_id` = '1'
[Mon, 08 Jan 18 12:50:23 +0800][INFO] SELECT IF(COUNT(*) > 0, 1, 0) FROM `INFORMATION_SCHEMA`.`TABLES` WHERE `TABLE_NAME` = 'category' AND `TABLE_SCHEMA` = DATABASE()
[Mon, 08 Jan 18 12:50:23 +0800][INFO] DESCRIBE `category`
[Mon, 08 Jan 18 12:50:23 +0800][INFO] SELECT `category`.`id`, `category`.`division_id`, `category`.`name`, `category`.`description`, `category`.`language`, `category`.`visibility`, `category`.`status`, `category`.`parent_id`, `category`.`path`, `category`.`ctime`, `category`.`mtime` FROM `category` WHERE `category`.`id` = '1' LIMIT :APL0
[Mon, 08 Jan 18 12:50:23 +0800][INFO] SELECT `category`.`id`, `category`.`division_id`, `category`.`name`, `category`.`description`, `category`.`language`, `category`.`visibility`, `category`.`status`, `category`.`parent_id`, `category`.`path`, `category`.`ctime`, `category`.`mtime` FROM `category` WHERE `category`.`division_id` = '1'
[Mon, 08 Jan 18 12:51:06 +0800][INFO] SELECT IF(COUNT(*) > 0, 1, 0) FROM `INFORMATION_SCHEMA`.`TABLES` WHERE `TABLE_NAME` = 'category' AND `TABLE_SCHEMA` = DATABASE()
[Mon, 08 Jan 18 12:51:06 +0800][INFO] DESCRIBE `category`
[Mon, 08 Jan 18 12:51:06 +0800][INFO] INSERT INTO `category` (`division_id`, `name`, `description`, `language`, `visibility`, `status`, `parent_id`, `path`) VALUES (?, ?, ?, ?, ?, ?, DEFAULT, ?)
[Mon, 08 Jan 18 12:51:07 +0800][INFO] SELECT IF(COUNT(*) > 0, 1, 0) FROM `INFORMATION_SCHEMA`.`TABLES` WHERE `TABLE_NAME` = 'category' AND `TABLE_SCHEMA` = DATABASE()
[Mon, 08 Jan 18 12:51:07 +0800][INFO] DESCRIBE `category`
[Mon, 08 Jan 18 12:51:07 +0800][INFO] SELECT `category`.`id`, `category`.`division_id`, `category`.`name`, `category`.`description`, `category`.`language`, `category`.`visibility`, `category`.`status`, `category`.`parent_id`, `category`.`path`, `category`.`ctime`, `category`.`mtime` FROM `category` WHERE `category`.`division_id` = '1'
[Mon, 08 Jan 18 12:51:26 +0800][INFO] SELECT IF(COUNT(*) > 0, 1, 0) FROM `INFORMATION_SCHEMA`.`TABLES` WHERE `TABLE_NAME` = 'category' AND `TABLE_SCHEMA` = DATABASE()
[Mon, 08 Jan 18 12:51:26 +0800][INFO] DESCRIBE `category`
[Mon, 08 Jan 18 12:51:26 +0800][INFO] SELECT `category`.`id`, `category`.`division_id`, `category`.`name`, `category`.`description`, `category`.`language`, `category`.`visibility`, `category`.`status`, `category`.`parent_id`, `category`.`path`, `category`.`ctime`, `category`.`mtime` FROM `category` WHERE `category`.`id` = '1' LIMIT :APL0
[Mon, 08 Jan 18 12:51:26 +0800][INFO] SELECT `category`.`id`, `category`.`division_id`, `category`.`name`, `category`.`description`, `category`.`language`, `category`.`visibility`, `category`.`status`, `category`.`parent_id`, `category`.`path`, `category`.`ctime`, `category`.`mtime` FROM `category` WHERE `category`.`division_id` = '1' AND `category`.`language` = 'cn'
[Mon, 08 Jan 18 12:51:39 +0800][INFO] SELECT IF(COUNT(*) > 0, 1, 0) FROM `INFORMATION_SCHEMA`.`TABLES` WHERE `TABLE_NAME` = 'article' AND `TABLE_SCHEMA` = DATABASE()
[Mon, 08 Jan 18 12:51:39 +0800][INFO] DESCRIBE `article`
[Mon, 08 Jan 18 12:51:39 +0800][INFO] SELECT `article`.`id`, `article`.`division_id`, `article`.`category_id`, `article`.`division_category_id`, `article`.`title`, `article`.`content`, `article`.`author`, `article`.`keyword`, `article`.`description`, `article`.`image`, `article`.`language`, `article`.`source`, `article`.`share`, `article`.`attribute`, `article`.`visibility`, `article`.`status`, `article`.`ctime`, `article`.`mtime` FROM `article` WHERE `article`.`division_id` = '1' AND `article`.`status` = 'Enabled' ORDER BY `article`.`id` DESC LIMIT :APL0
[Mon, 08 Jan 18 12:51:39 +0800][INFO] SELECT COUNT(*) AS `rowcount` FROM `article` WHERE `article`.`division_id` = '1' AND `article`.`status` = 'Enabled'
[Mon, 08 Jan 18 12:51:39 +0800][INFO] SELECT IF(COUNT(*) > 0, 1, 0) FROM `INFORMATION_SCHEMA`.`TABLES` WHERE `TABLE_NAME` = 'category' AND `TABLE_SCHEMA` = DATABASE()
[Mon, 08 Jan 18 12:51:39 +0800][INFO] DESCRIBE `category`
[Mon, 08 Jan 18 12:51:39 +0800][INFO] SELECT `category`.`id`, `category`.`division_id`, `category`.`name`, `category`.`description`, `category`.`language`, `category`.`visibility`, `category`.`status`, `category`.`parent_id`, `category`.`path`, `category`.`ctime`, `category`.`mtime` FROM `category` WHERE `category`.`division_id` = 1
[Mon, 08 Jan 18 12:51:43 +0800][INFO] SELECT IF(COUNT(*) > 0, 1, 0) FROM `INFORMATION_SCHEMA`.`TABLES` WHERE `TABLE_NAME` = 'category' AND `TABLE_SCHEMA` = DATABASE()
[Mon, 08 Jan 18 12:51:43 +0800][INFO] DESCRIBE `category`
[Mon, 08 Jan 18 12:51:43 +0800][INFO] SELECT `category`.`id`, `category`.`division_id`, `category`.`name`, `category`.`description`, `category`.`language`, `category`.`visibility`, `category`.`status`, `category`.`parent_id`, `category`.`path`, `category`.`ctime`, `category`.`mtime` FROM `category` WHERE `category`.`division_id` = 1
[Mon, 08 Jan 18 12:52:22 +0800][INFO] SELECT IF(COUNT(*) > 0, 1, 0) FROM `INFORMATION_SCHEMA`.`TABLES` WHERE `TABLE_NAME` = 'article' AND `TABLE_SCHEMA` = DATABASE()
[Mon, 08 Jan 18 12:52:22 +0800][INFO] DESCRIBE `article`
[Mon, 08 Jan 18 12:52:22 +0800][INFO] INSERT INTO `article` (`division_id`, `category_id`, `division_category_id`, `title`, `content`, `author`, `keyword`, `description`, `image`, `language`, `source`, `share`, `attribute`, `visibility`, `status`) VALUES (?, DEFAULT, ?, ?, ?, ?, ?, ?, DEFAULT, ?, DEFAULT, ?, DEFAULT, ?, ?)
[Mon, 08 Jan 18 12:52:22 +0800][INFO] SELECT IF(COUNT(*) > 0, 1, 0) FROM `INFORMATION_SCHEMA`.`TABLES` WHERE `TABLE_NAME` = 'images' AND `TABLE_SCHEMA` = DATABASE()
[Mon, 08 Jan 18 12:52:22 +0800][INFO] DESCRIBE `images`
[Mon, 08 Jan 18 12:54:11 +0800][INFO] SELECT IF(COUNT(*) > 0, 1, 0) FROM `INFORMATION_SCHEMA`.`TABLES` WHERE `TABLE_NAME` = 'category' AND `TABLE_SCHEMA` = DATABASE()
[Mon, 08 Jan 18 12:54:11 +0800][INFO] DESCRIBE `category`
[Mon, 08 Jan 18 12:54:11 +0800][INFO] SELECT `category`.`id`, `category`.`division_id`, `category`.`name`, `category`.`description`, `category`.`language`, `category`.`visibility`, `category`.`status`, `category`.`parent_id`, `category`.`path`, `category`.`ctime`, `category`.`mtime` FROM `category` WHERE `category`.`division_id` = 1
[Mon, 08 Jan 18 12:54:18 +0800][INFO] SELECT IF(COUNT(*) > 0, 1, 0) FROM `INFORMATION_SCHEMA`.`TABLES` WHERE `TABLE_NAME` = 'article' AND `TABLE_SCHEMA` = DATABASE()
[Mon, 08 Jan 18 12:54:18 +0800][INFO] DESCRIBE `article`
[Mon, 08 Jan 18 12:54:18 +0800][INFO] INSERT INTO `article` (`division_id`, `category_id`, `division_category_id`, `title`, `content`, `author`, `keyword`, `description`, `image`, `language`, `source`, `share`, `attribute`, `visibility`, `status`) VALUES (?, DEFAULT, ?, ?, ?, ?, ?, ?, DEFAULT, ?, DEFAULT, ?, DEFAULT, ?, ?)
[Mon, 08 Jan 18 12:54:18 +0800][INFO] SELECT IF(COUNT(*) > 0, 1, 0) FROM `INFORMATION_SCHEMA`.`TABLES` WHERE `TABLE_NAME` = 'images' AND `TABLE_SCHEMA` = DATABASE()
[Mon, 08 Jan 18 12:54:18 +0800][INFO] DESCRIBE `images`
[Mon, 08 Jan 18 12:57:09 +0800][INFO] SELECT IF(COUNT(*) > 0, 1, 0) FROM `INFORMATION_SCHEMA`.`TABLES` WHERE `TABLE_NAME` = 'category' AND `TABLE_SCHEMA` = DATABASE()
[Mon, 08 Jan 18 12:57:09 +0800][INFO] DESCRIBE `category`
[Mon, 08 Jan 18 12:57:09 +0800][INFO] SELECT `category`.`id`, `category`.`division_id`, `category`.`name`, `category`.`description`, `category`.`language`, `category`.`visibility`, `category`.`status`, `category`.`parent_id`, `category`.`path`, `category`.`ctime`, `category`.`mtime` FROM `category` WHERE `category`.`division_id` = 1
[Mon, 08 Jan 18 12:57:13 +0800][INFO] SELECT IF(COUNT(*) > 0, 1, 0) FROM `INFORMATION_SCHEMA`.`TABLES` WHERE `TABLE_NAME` = 'article' AND `TABLE_SCHEMA` = DATABASE()
[Mon, 08 Jan 18 12:57:13 +0800][INFO] DESCRIBE `article`
[Mon, 08 Jan 18 12:57:13 +0800][INFO] SELECT `article`.`id`, `article`.`division_id`, `article`.`category_id`, `article`.`division_category_id`, `article`.`title`, `article`.`content`, `article`.`author`, `article`.`keyword`, `article`.`description`, `article`.`image`, `article`.`language`, `article`.`source`, `article`.`share`, `article`.`attribute`, `article`.`visibility`, `article`.`status`, `article`.`ctime`, `article`.`mtime` FROM `article` WHERE `article`.`division_id` = '1' AND `article`.`status` = 'Enabled' ORDER BY `article`.`id` DESC LIMIT :APL0
[Mon, 08 Jan 18 12:57:13 +0800][INFO] SELECT COUNT(*) AS `rowcount` FROM `article` WHERE `article`.`division_id` = '1' AND `article`.`status` = 'Enabled'
[Mon, 08 Jan 18 12:57:13 +0800][INFO] SELECT IF(COUNT(*) > 0, 1, 0) FROM `INFORMATION_SCHEMA`.`TABLES` WHERE `TABLE_NAME` = 'category' AND `TABLE_SCHEMA` = DATABASE()
[Mon, 08 Jan 18 12:57:13 +0800][INFO] DESCRIBE `category`
[Mon, 08 Jan 18 12:57:13 +0800][INFO] SELECT `category`.`id`, `category`.`division_id`, `category`.`name`, `category`.`description`, `category`.`language`, `category`.`visibility`, `category`.`status`, `category`.`parent_id`, `category`.`path`, `category`.`ctime`, `category`.`mtime` FROM `category` WHERE `category`.`division_id` = 1
[Mon, 08 Jan 18 12:57:13 +0800][INFO] SELECT `category`.`id`, `category`.`division_id`, `category`.`name`, `category`.`description`, `category`.`language`, `category`.`visibility`, `category`.`status`, `category`.`parent_id`, `category`.`path`, `category`.`ctime`, `category`.`mtime` FROM `category` WHERE `category`.`id` = :APR0 LIMIT :APL0
[Mon, 08 Jan 18 12:57:13 +0800][INFO] SELECT `category`.`id`, `category`.`division_id`, `category`.`name`, `category`.`description`, `category`.`language`, `category`.`visibility`, `category`.`status`, `category`.`parent_id`, `category`.`path`, `category`.`ctime`, `category`.`mtime` FROM `category` WHERE `category`.`id` = :APR0 LIMIT :APL0
[Mon, 08 Jan 18 12:57:17 +0800][INFO] SELECT IF(COUNT(*) > 0, 1, 0) FROM `INFORMATION_SCHEMA`.`TABLES` WHERE `TABLE_NAME` = 'category' AND `TABLE_SCHEMA` = DATABASE()
[Mon, 08 Jan 18 12:57:17 +0800][INFO] DESCRIBE `category`
[Mon, 08 Jan 18 12:57:17 +0800][INFO] SELECT `category`.`id`, `category`.`division_id`, `category`.`name`, `category`.`description`, `category`.`language`, `category`.`visibility`, `category`.`status`, `category`.`parent_id`, `category`.`path`, `category`.`ctime`, `category`.`mtime` FROM `category` WHERE `category`.`division_id` = 1
[Mon, 08 Jan 18 12:57:20 +0800][INFO] SELECT IF(COUNT(*) > 0, 1, 0) FROM `INFORMATION_SCHEMA`.`TABLES` WHERE `TABLE_NAME` = 'category' AND `TABLE_SCHEMA` = DATABASE()
[Mon, 08 Jan 18 12:57:20 +0800][INFO] DESCRIBE `category`
[Mon, 08 Jan 18 12:57:20 +0800][INFO] SELECT `category`.`id`, `category`.`division_id`, `category`.`name`, `category`.`description`, `category`.`language`, `category`.`visibility`, `category`.`status`, `category`.`parent_id`, `category`.`path`, `category`.`ctime`, `category`.`mtime` FROM `category` WHERE `category`.`division_id` = 1
[Mon, 08 Jan 18 12:57:24 +0800][INFO] SELECT IF(COUNT(*) > 0, 1, 0) FROM `INFORMATION_SCHEMA`.`TABLES` WHERE `TABLE_NAME` = 'template' AND `TABLE_SCHEMA` = DATABASE()
[Mon, 08 Jan 18 12:57:24 +0800][INFO] DESCRIBE `template`
[Mon, 08 Jan 18 12:57:24 +0800][INFO] SELECT `template`.`id`, `template`.`division_id`, `template`.`name`, `template`.`decription`, `template`.`content`, `template`.`type`, `template`.`status`, `template`.`engine`, `template`.`ctime`, `template`.`mtime` FROM `template` WHERE `template`.`division_id` = '1' AND `template`.`status` <> 'Deleted' ORDER BY `template`.`id` DESC LIMIT :APL0
[Mon, 08 Jan 18 12:57:24 +0800][INFO] SELECT COUNT(*) AS `rowcount` FROM `template` WHERE `template`.`division_id` = '1' AND `template`.`status` <> 'Deleted'
[Mon, 08 Jan 18 12:57:49 +0800][INFO] SELECT IF(COUNT(*) > 0, 1, 0) FROM `INFORMATION_SCHEMA`.`TABLES` WHERE `TABLE_NAME` = 'article' AND `TABLE_SCHEMA` = DATABASE()
[Mon, 08 Jan 18 12:57:49 +0800][INFO] DESCRIBE `article`
[Mon, 08 Jan 18 12:57:49 +0800][INFO] SELECT `article`.`id`, `article`.`division_id`, `article`.`category_id`, `article`.`division_category_id`, `article`.`title`, `article`.`content`, `article`.`author`, `article`.`keyword`, `article`.`description`, `article`.`image`, `article`.`language`, `article`.`source`, `article`.`share`, `article`.`attribute`, `article`.`visibility`, `article`.`status`, `article`.`ctime`, `article`.`mtime` FROM `article` WHERE `article`.`division_id` = '1' AND `article`.`status` = 'Enabled' ORDER BY `article`.`id` DESC LIMIT :APL0
[Mon, 08 Jan 18 12:57:49 +0800][INFO] SELECT COUNT(*) AS `rowcount` FROM `article` WHERE `article`.`division_id` = '1' AND `article`.`status` = 'Enabled'
[Mon, 08 Jan 18 12:57:49 +0800][INFO] SELECT IF(COUNT(*) > 0, 1, 0) FROM `INFORMATION_SCHEMA`.`TABLES` WHERE `TABLE_NAME` = 'category' AND `TABLE_SCHEMA` = DATABASE()
[Mon, 08 Jan 18 12:57:49 +0800][INFO] DESCRIBE `category`
[Mon, 08 Jan 18 12:57:49 +0800][INFO] SELECT `category`.`id`, `category`.`division_id`, `category`.`name`, `category`.`description`, `category`.`language`, `category`.`visibility`, `category`.`status`, `category`.`parent_id`, `category`.`path`, `category`.`ctime`, `category`.`mtime` FROM `category` WHERE `category`.`division_id` = 1
[Mon, 08 Jan 18 12:57:49 +0800][INFO] SELECT `category`.`id`, `category`.`division_id`, `category`.`name`, `category`.`description`, `category`.`language`, `category`.`visibility`, `category`.`status`, `category`.`parent_id`, `category`.`path`, `category`.`ctime`, `category`.`mtime` FROM `category` WHERE `category`.`id` = :APR0 LIMIT :APL0
[Mon, 08 Jan 18 12:57:49 +0800][INFO] SELECT `category`.`id`, `category`.`division_id`, `category`.`name`, `category`.`description`, `category`.`language`, `category`.`visibility`, `category`.`status`, `category`.`parent_id`, `category`.`path`, `category`.`ctime`, `category`.`mtime` FROM `category` WHERE `category`.`id` = :APR0 LIMIT :APL0
[Mon, 08 Jan 18 13:07:45 +0800][INFO] SELECT IF(COUNT(*) > 0, 1, 0) FROM `INFORMATION_SCHEMA`.`TABLES` WHERE `TABLE_NAME` = 'template' AND `TABLE_SCHEMA` = DATABASE()
[Mon, 08 Jan 18 13:07:45 +0800][INFO] DESCRIBE `template`
[Mon, 08 Jan 18 13:07:45 +0800][INFO] SELECT `template`.`id`, `template`.`division_id`, `template`.`name`, `template`.`decription`, `template`.`content`, `template`.`type`, `template`.`status`, `template`.`engine`, `template`.`ctime`, `template`.`mtime` FROM `template` WHERE `template`.`division_id` = '1' AND `template`.`status` <> 'Deleted' ORDER BY `template`.`id` DESC LIMIT :APL0
[Mon, 08 Jan 18 13:07:45 +0800][INFO] SELECT COUNT(*) AS `rowcount` FROM `template` WHERE `template`.`division_id` = '1' AND `template`.`status` <> 'Deleted'
[Mon, 08 Jan 18 13:13:16 +0800][INFO] SELECT IF(COUNT(*) > 0, 1, 0) FROM `INFORMATION_SCHEMA`.`TABLES` WHERE `TABLE_NAME` = 'category' AND `TABLE_SCHEMA` = DATABASE()
[Mon, 08 Jan 18 13:13:16 +0800][INFO] DESCRIBE `category`
[Mon, 08 Jan 18 13:13:16 +0800][INFO] SELECT `category`.`id`, `category`.`division_id`, `category`.`name`, `category`.`description`, `category`.`language`, `category`.`visibility`, `category`.`status`, `category`.`parent_id`, `category`.`path`, `category`.`ctime`, `category`.`mtime` FROM `category` WHERE `category`.`division_id` = 1
[Mon, 08 Jan 18 13:13:19 +0800][INFO] SELECT id,name,`type` FROM template WHERE `status`='Enabled' AND division_id = '1' AND id  
					in(SELECT template_id FROM category_has_template WHERE category_id = '1')
[Mon, 08 Jan 18 13:13:39 +0800][INFO] SELECT IF(COUNT(*) > 0, 1, 0) FROM `INFORMATION_SCHEMA`.`TABLES` WHERE `TABLE_NAME` = 'category' AND `TABLE_SCHEMA` = DATABASE()
[Mon, 08 Jan 18 13:13:39 +0800][INFO] DESCRIBE `category`
[Mon, 08 Jan 18 13:13:39 +0800][INFO] SELECT `category`.`id`, `category`.`division_id`, `category`.`name`, `category`.`description`, `category`.`language`, `category`.`visibility`, `category`.`status`, `category`.`parent_id`, `category`.`path`, `category`.`ctime`, `category`.`mtime` FROM `category` WHERE `category`.`division_id` = 1
[Mon, 08 Jan 18 13:15:16 +0800][INFO] SELECT IF(COUNT(*) > 0, 1, 0) FROM `INFORMATION_SCHEMA`.`TABLES` WHERE `TABLE_NAME` = 'category' AND `TABLE_SCHEMA` = DATABASE()
[Mon, 08 Jan 18 13:15:16 +0800][INFO] DESCRIBE `category`
[Mon, 08 Jan 18 13:15:16 +0800][INFO] SELECT `category`.`id`, `category`.`division_id`, `category`.`name`, `category`.`description`, `category`.`language`, `category`.`visibility`, `category`.`status`, `category`.`parent_id`, `category`.`path`, `category`.`ctime`, `category`.`mtime` FROM `category` WHERE `category`.`division_id` = 1
[Mon, 08 Jan 18 13:21:01 +0800][INFO] SELECT IF(COUNT(*) > 0, 1, 0) FROM `INFORMATION_SCHEMA`.`TABLES` WHERE `TABLE_NAME` = 'category' AND `TABLE_SCHEMA` = DATABASE()
[Mon, 08 Jan 18 13:21:01 +0800][INFO] DESCRIBE `category`
[Mon, 08 Jan 18 13:21:01 +0800][INFO] SELECT `category`.`id`, `category`.`division_id`, `category`.`name`, `category`.`description`, `category`.`language`, `category`.`visibility`, `category`.`status`, `category`.`parent_id`, `category`.`path`, `category`.`ctime`, `category`.`mtime` FROM `category` WHERE `category`.`division_id` = 1
[Mon, 08 Jan 18 13:21:03 +0800][INFO] SELECT IF(COUNT(*) > 0, 1, 0) FROM `INFORMATION_SCHEMA`.`TABLES` WHERE `TABLE_NAME` = 'category' AND `TABLE_SCHEMA` = DATABASE()
[Mon, 08 Jan 18 13:21:03 +0800][INFO] DESCRIBE `category`
[Mon, 08 Jan 18 13:21:03 +0800][INFO] SELECT `category`.`id`, `category`.`division_id`, `category`.`name`, `category`.`description`, `category`.`language`, `category`.`visibility`, `category`.`status`, `category`.`parent_id`, `category`.`path`, `category`.`ctime`, `category`.`mtime` FROM `category` WHERE `category`.`division_id` = 1
[Mon, 08 Jan 18 14:03:45 +0800][INFO] SELECT IF(COUNT(*) > 0, 1, 0) FROM `INFORMATION_SCHEMA`.`TABLES` WHERE `TABLE_NAME` = 'category' AND `TABLE_SCHEMA` = DATABASE()
[Mon, 08 Jan 18 14:03:45 +0800][INFO] DESCRIBE `category`
[Mon, 08 Jan 18 14:03:45 +0800][INFO] SELECT `category`.`id`, `category`.`division_id`, `category`.`name`, `category`.`description`, `category`.`language`, `category`.`visibility`, `category`.`status`, `category`.`parent_id`, `category`.`path`, `category`.`ctime`, `category`.`mtime` FROM `category` WHERE `category`.`division_id` = 1
[Mon, 08 Jan 18 14:14:33 +0800][INFO] SELECT IF(COUNT(*) > 0, 1, 0) FROM `INFORMATION_SCHEMA`.`TABLES` WHERE `TABLE_NAME` = 'template' AND `TABLE_SCHEMA` = DATABASE()
[Mon, 08 Jan 18 14:14:33 +0800][INFO] DESCRIBE `template`
[Mon, 08 Jan 18 14:14:33 +0800][INFO] SELECT `template`.`id`, `template`.`division_id`, `template`.`name`, `template`.`decription`, `template`.`content`, `template`.`type`, `template`.`status`, `template`.`engine`, `template`.`ctime`, `template`.`mtime` FROM `template` WHERE `template`.`division_id` = '1' AND `template`.`status` <> 'Deleted' ORDER BY `template`.`id` DESC LIMIT :APL0
[Mon, 08 Jan 18 14:14:33 +0800][INFO] SELECT COUNT(*) AS `rowcount` FROM `template` WHERE `template`.`division_id` = '1' AND `template`.`status` <> 'Deleted'
[Mon, 08 Jan 18 16:36:47 +0800][INFO] SELECT IF(COUNT(*) > 0, 1, 0) FROM `INFORMATION_SCHEMA`.`TABLES` WHERE `TABLE_NAME` = 'division' AND `TABLE_SCHEMA` = DATABASE()
[Mon, 08 Jan 18 16:36:47 +0800][INFO] DESCRIBE `division`
[Mon, 08 Jan 18 16:36:47 +0800][INFO] SELECT `division`.`id`, `division`.`name`, `division`.`description`, `division`.`username`, `division`.`password`, `division`.`url` FROM `division` WHERE `division`.`id` = 1
[Mon, 08 Jan 18 16:37:55 +0800][INFO] SELECT IF(COUNT(*) > 0, 1, 0) FROM `INFORMATION_SCHEMA`.`TABLES` WHERE `TABLE_NAME` = 'division' AND `TABLE_SCHEMA` = DATABASE()
[Mon, 08 Jan 18 16:37:55 +0800][INFO] DESCRIBE `division`
[Mon, 08 Jan 18 16:37:55 +0800][INFO] SELECT `division`.`id`, `division`.`name`, `division`.`description`, `division`.`username`, `division`.`password`, `division`.`url` FROM `division` WHERE `division`.`id` = 1
[Mon, 08 Jan 18 16:37:59 +0800][INFO] SELECT IF(COUNT(*) > 0, 1, 0) FROM `INFORMATION_SCHEMA`.`TABLES` WHERE `TABLE_NAME` = 'article' AND `TABLE_SCHEMA` = DATABASE()
[Mon, 08 Jan 18 16:37:59 +0800][INFO] DESCRIBE `article`
[Mon, 08 Jan 18 16:37:59 +0800][INFO] SELECT `article`.`id`, `article`.`division_id`, `article`.`category_id`, `article`.`division_category_id`, `article`.`title`, `article`.`content`, `article`.`author`, `article`.`keyword`, `article`.`description`, `article`.`image`, `article`.`language`, `article`.`source`, `article`.`share`, `article`.`attribute`, `article`.`visibility`, `article`.`status`, `article`.`ctime`, `article`.`mtime` FROM `article` WHERE `article`.`division_id` = '1' AND `article`.`status` = 'Enabled' ORDER BY `article`.`id` DESC LIMIT :APL0
[Mon, 08 Jan 18 16:37:59 +0800][INFO] SELECT COUNT(*) AS `rowcount` FROM `article` WHERE `article`.`division_id` = '1' AND `article`.`status` = 'Enabled'
[Mon, 08 Jan 18 16:37:59 +0800][INFO] SELECT IF(COUNT(*) > 0, 1, 0) FROM `INFORMATION_SCHEMA`.`TABLES` WHERE `TABLE_NAME` = 'category' AND `TABLE_SCHEMA` = DATABASE()
[Mon, 08 Jan 18 16:37:59 +0800][INFO] DESCRIBE `category`
[Mon, 08 Jan 18 16:37:59 +0800][INFO] SELECT `category`.`id`, `category`.`division_id`, `category`.`name`, `category`.`description`, `category`.`language`, `category`.`visibility`, `category`.`status`, `category`.`parent_id`, `category`.`path`, `category`.`ctime`, `category`.`mtime` FROM `category` WHERE `category`.`division_id` = 1
[Mon, 08 Jan 18 16:37:59 +0800][INFO] SELECT `category`.`id`, `category`.`division_id`, `category`.`name`, `category`.`description`, `category`.`language`, `category`.`visibility`, `category`.`status`, `category`.`parent_id`, `category`.`path`, `category`.`ctime`, `category`.`mtime` FROM `category` WHERE `category`.`id` = :APR0 LIMIT :APL0
[Mon, 08 Jan 18 16:37:59 +0800][INFO] SELECT `category`.`id`, `category`.`division_id`, `category`.`name`, `category`.`description`, `category`.`language`, `category`.`visibility`, `category`.`status`, `category`.`parent_id`, `category`.`path`, `category`.`ctime`, `category`.`mtime` FROM `category` WHERE `category`.`id` = :APR0 LIMIT :APL0
[Mon, 08 Jan 18 16:38:14 +0800][INFO] SELECT IF(COUNT(*) > 0, 1, 0) FROM `INFORMATION_SCHEMA`.`TABLES` WHERE `TABLE_NAME` = 'article' AND `TABLE_SCHEMA` = DATABASE()
[Mon, 08 Jan 18 16:38:14 +0800][INFO] DESCRIBE `article`
[Mon, 08 Jan 18 16:38:14 +0800][INFO] SELECT `article`.`id`, `article`.`division_id`, `article`.`category_id`, `article`.`division_category_id`, `article`.`title`, `article`.`content`, `article`.`author`, `article`.`keyword`, `article`.`description`, `article`.`image`, `article`.`language`, `article`.`source`, `article`.`share`, `article`.`attribute`, `article`.`visibility`, `article`.`status`, `article`.`ctime`, `article`.`mtime` FROM `article` WHERE `article`.`division_id` = '1' AND `article`.`status` = 'Enabled' ORDER BY `article`.`id` DESC LIMIT :APL0
[Mon, 08 Jan 18 16:38:14 +0800][INFO] SELECT COUNT(*) AS `rowcount` FROM `article` WHERE `article`.`division_id` = '1' AND `article`.`status` = 'Enabled'
[Mon, 08 Jan 18 16:38:14 +0800][INFO] SELECT IF(COUNT(*) > 0, 1, 0) FROM `INFORMATION_SCHEMA`.`TABLES` WHERE `TABLE_NAME` = 'category' AND `TABLE_SCHEMA` = DATABASE()
[Mon, 08 Jan 18 16:38:14 +0800][INFO] DESCRIBE `category`
[Mon, 08 Jan 18 16:38:14 +0800][INFO] SELECT `category`.`id`, `category`.`division_id`, `category`.`name`, `category`.`description`, `category`.`language`, `category`.`visibility`, `category`.`status`, `category`.`parent_id`, `category`.`path`, `category`.`ctime`, `category`.`mtime` FROM `category` WHERE `category`.`division_id` = 1
[Mon, 08 Jan 18 16:38:14 +0800][INFO] SELECT `category`.`id`, `category`.`division_id`, `category`.`name`, `category`.`description`, `category`.`language`, `category`.`visibility`, `category`.`status`, `category`.`parent_id`, `category`.`path`, `category`.`ctime`, `category`.`mtime` FROM `category` WHERE `category`.`id` = :APR0 LIMIT :APL0
[Mon, 08 Jan 18 16:38:14 +0800][INFO] SELECT `category`.`id`, `category`.`division_id`, `category`.`name`, `category`.`description`, `category`.`language`, `category`.`visibility`, `category`.`status`, `category`.`parent_id`, `category`.`path`, `category`.`ctime`, `category`.`mtime` FROM `category` WHERE `category`.`id` = :APR0 LIMIT :APL0
[Mon, 08 Jan 18 16:38:15 +0800][INFO] SELECT IF(COUNT(*) > 0, 1, 0) FROM `INFORMATION_SCHEMA`.`TABLES` WHERE `TABLE_NAME` = 'article' AND `TABLE_SCHEMA` = DATABASE()
[Mon, 08 Jan 18 16:38:15 +0800][INFO] DESCRIBE `article`
[Mon, 08 Jan 18 16:38:15 +0800][INFO] SELECT `article`.`id`, `article`.`division_id`, `article`.`category_id`, `article`.`division_category_id`, `article`.`title`, `article`.`content`, `article`.`author`, `article`.`keyword`, `article`.`description`, `article`.`image`, `article`.`language`, `article`.`source`, `article`.`share`, `article`.`attribute`, `article`.`visibility`, `article`.`status`, `article`.`ctime`, `article`.`mtime` FROM `article` WHERE `article`.`division_id` = '1' AND `article`.`status` = 'Enabled' ORDER BY `article`.`id` DESC
[Mon, 08 Jan 18 16:38:15 +0800][INFO] SELECT COUNT(*) AS `rowcount` FROM `article` WHERE `article`.`division_id` = '1' AND `article`.`status` = 'Enabled'
[Mon, 08 Jan 18 16:38:15 +0800][INFO] SELECT IF(COUNT(*) > 0, 1, 0) FROM `INFORMATION_SCHEMA`.`TABLES` WHERE `TABLE_NAME` = 'category' AND `TABLE_SCHEMA` = DATABASE()
[Mon, 08 Jan 18 16:38:15 +0800][INFO] DESCRIBE `category`
[Mon, 08 Jan 18 16:38:15 +0800][INFO] SELECT `category`.`id`, `category`.`division_id`, `category`.`name`, `category`.`description`, `category`.`language`, `category`.`visibility`, `category`.`status`, `category`.`parent_id`, `category`.`path`, `category`.`ctime`, `category`.`mtime` FROM `category` WHERE `category`.`division_id` = 1
[Mon, 08 Jan 18 16:38:15 +0800][INFO] SELECT `category`.`id`, `category`.`division_id`, `category`.`name`, `category`.`description`, `category`.`language`, `category`.`visibility`, `category`.`status`, `category`.`parent_id`, `category`.`path`, `category`.`ctime`, `category`.`mtime` FROM `category` WHERE `category`.`id` = :APR0 LIMIT :APL0
[Mon, 08 Jan 18 16:38:15 +0800][INFO] SELECT `category`.`id`, `category`.`division_id`, `category`.`name`, `category`.`description`, `category`.`language`, `category`.`visibility`, `category`.`status`, `category`.`parent_id`, `category`.`path`, `category`.`ctime`, `category`.`mtime` FROM `category` WHERE `category`.`id` = :APR0 LIMIT :APL0
[Mon, 08 Jan 18 16:39:55 +0800][INFO] SELECT IF(COUNT(*) > 0, 1, 0) FROM `INFORMATION_SCHEMA`.`TABLES` WHERE `TABLE_NAME` = 'article' AND `TABLE_SCHEMA` = DATABASE()
[Mon, 08 Jan 18 16:39:55 +0800][INFO] DESCRIBE `article`
[Mon, 08 Jan 18 16:39:55 +0800][INFO] SELECT `article`.`id`, `article`.`division_id`, `article`.`category_id`, `article`.`division_category_id`, `article`.`title`, `article`.`content`, `article`.`author`, `article`.`keyword`, `article`.`description`, `article`.`image`, `article`.`language`, `article`.`source`, `article`.`share`, `article`.`attribute`, `article`.`visibility`, `article`.`status`, `article`.`ctime`, `article`.`mtime` FROM `article` WHERE `article`.`division_id` = '1' AND `article`.`status` = 'Enabled' ORDER BY `article`.`id` DESC LIMIT :APL0
[Mon, 08 Jan 18 16:39:55 +0800][INFO] SELECT COUNT(*) AS `rowcount` FROM `article` WHERE `article`.`division_id` = '1' AND `article`.`status` = 'Enabled'
[Mon, 08 Jan 18 16:39:55 +0800][INFO] SELECT IF(COUNT(*) > 0, 1, 0) FROM `INFORMATION_SCHEMA`.`TABLES` WHERE `TABLE_NAME` = 'category' AND `TABLE_SCHEMA` = DATABASE()
[Mon, 08 Jan 18 16:39:55 +0800][INFO] DESCRIBE `category`
[Mon, 08 Jan 18 16:39:55 +0800][INFO] SELECT `category`.`id`, `category`.`division_id`, `category`.`name`, `category`.`description`, `category`.`language`, `category`.`visibility`, `category`.`status`, `category`.`parent_id`, `category`.`path`, `category`.`ctime`, `category`.`mtime` FROM `category` WHERE `category`.`division_id` = 1
[Mon, 08 Jan 18 16:39:55 +0800][INFO] SELECT `category`.`id`, `category`.`division_id`, `category`.`name`, `category`.`description`, `category`.`language`, `category`.`visibility`, `category`.`status`, `category`.`parent_id`, `category`.`path`, `category`.`ctime`, `category`.`mtime` FROM `category` WHERE `category`.`id` = :APR0 LIMIT :APL0
[Mon, 08 Jan 18 16:39:55 +0800][INFO] SELECT `category`.`id`, `category`.`division_id`, `category`.`name`, `category`.`description`, `category`.`language`, `category`.`visibility`, `category`.`status`, `category`.`parent_id`, `category`.`path`, `category`.`ctime`, `category`.`mtime` FROM `category` WHERE `category`.`id` = :APR0 LIMIT :APL0
[Mon, 08 Jan 18 16:39:57 +0800][INFO] SELECT IF(COUNT(*) > 0, 1, 0) FROM `INFORMATION_SCHEMA`.`TABLES` WHERE `TABLE_NAME` = 'article' AND `TABLE_SCHEMA` = DATABASE()
[Mon, 08 Jan 18 16:39:57 +0800][INFO] DESCRIBE `article`
[Mon, 08 Jan 18 16:39:57 +0800][INFO] SELECT `article`.`id`, `article`.`division_id`, `article`.`category_id`, `article`.`division_category_id`, `article`.`title`, `article`.`content`, `article`.`author`, `article`.`keyword`, `article`.`description`, `article`.`image`, `article`.`language`, `article`.`source`, `article`.`share`, `article`.`attribute`, `article`.`visibility`, `article`.`status`, `article`.`ctime`, `article`.`mtime` FROM `article` WHERE `article`.`division_id` = '1' AND `article`.`status` = 'Enabled' ORDER BY `article`.`id` DESC
[Mon, 08 Jan 18 16:39:57 +0800][INFO] SELECT COUNT(*) AS `rowcount` FROM `article` WHERE `article`.`division_id` = '1' AND `article`.`status` = 'Enabled'
[Mon, 08 Jan 18 16:39:57 +0800][INFO] SELECT IF(COUNT(*) > 0, 1, 0) FROM `INFORMATION_SCHEMA`.`TABLES` WHERE `TABLE_NAME` = 'category' AND `TABLE_SCHEMA` = DATABASE()
[Mon, 08 Jan 18 16:39:57 +0800][INFO] DESCRIBE `category`
[Mon, 08 Jan 18 16:39:57 +0800][INFO] SELECT `category`.`id`, `category`.`division_id`, `category`.`name`, `category`.`description`, `category`.`language`, `category`.`visibility`, `category`.`status`, `category`.`parent_id`, `category`.`path`, `category`.`ctime`, `category`.`mtime` FROM `category` WHERE `category`.`division_id` = 1
[Mon, 08 Jan 18 16:39:57 +0800][INFO] SELECT `category`.`id`, `category`.`division_id`, `category`.`name`, `category`.`description`, `category`.`language`, `category`.`visibility`, `category`.`status`, `category`.`parent_id`, `category`.`path`, `category`.`ctime`, `category`.`mtime` FROM `category` WHERE `category`.`id` = :APR0 LIMIT :APL0
[Mon, 08 Jan 18 16:39:57 +0800][INFO] SELECT `category`.`id`, `category`.`division_id`, `category`.`name`, `category`.`description`, `category`.`language`, `category`.`visibility`, `category`.`status`, `category`.`parent_id`, `category`.`path`, `category`.`ctime`, `category`.`mtime` FROM `category` WHERE `category`.`id` = :APR0 LIMIT :APL0
[Mon, 08 Jan 18 16:39:59 +0800][INFO] SELECT IF(COUNT(*) > 0, 1, 0) FROM `INFORMATION_SCHEMA`.`TABLES` WHERE `TABLE_NAME` = 'division' AND `TABLE_SCHEMA` = DATABASE()
[Mon, 08 Jan 18 16:39:59 +0800][INFO] DESCRIBE `division`
[Mon, 08 Jan 18 16:39:59 +0800][INFO] SELECT `division`.`id`, `division`.`name`, `division`.`description`, `division`.`username`, `division`.`password`, `division`.`url` FROM `division` WHERE `division`.`id` = 1
[Mon, 08 Jan 18 16:41:48 +0800][INFO] SELECT IF(COUNT(*) > 0, 1, 0) FROM `INFORMATION_SCHEMA`.`TABLES` WHERE `TABLE_NAME` = 'division' AND `TABLE_SCHEMA` = DATABASE()
[Mon, 08 Jan 18 16:41:48 +0800][INFO] DESCRIBE `division`
[Mon, 08 Jan 18 16:41:48 +0800][INFO] SELECT `division`.`id`, `division`.`name`, `division`.`description`, `division`.`username`, `division`.`password`, `division`.`url` FROM `division` WHERE `division`.`id` = 1
[Mon, 08 Jan 18 16:42:23 +0800][INFO] SELECT IF(COUNT(*) > 0, 1, 0) FROM `INFORMATION_SCHEMA`.`TABLES` WHERE `TABLE_NAME` = 'division' AND `TABLE_SCHEMA` = DATABASE()
[Mon, 08 Jan 18 16:42:23 +0800][INFO] DESCRIBE `division`
[Mon, 08 Jan 18 16:42:23 +0800][INFO] SELECT `division`.`id`, `division`.`name`, `division`.`description`, `division`.`username`, `division`.`password`, `division`.`url` FROM `division` WHERE `division`.`id` = 1
[Mon, 08 Jan 18 16:42:48 +0800][INFO] SELECT IF(COUNT(*) > 0, 1, 0) FROM `INFORMATION_SCHEMA`.`TABLES` WHERE `TABLE_NAME` = 'division' AND `TABLE_SCHEMA` = DATABASE()
[Mon, 08 Jan 18 16:42:48 +0800][INFO] DESCRIBE `division`
[Mon, 08 Jan 18 16:42:48 +0800][INFO] SELECT `division`.`id`, `division`.`name`, `division`.`description`, `division`.`username`, `division`.`password`, `division`.`url` FROM `division` WHERE `division`.`id` = 1
[Mon, 08 Jan 18 16:43:02 +0800][INFO] SELECT IF(COUNT(*) > 0, 1, 0) FROM `INFORMATION_SCHEMA`.`TABLES` WHERE `TABLE_NAME` = 'division' AND `TABLE_SCHEMA` = DATABASE()
[Mon, 08 Jan 18 16:43:02 +0800][INFO] DESCRIBE `division`
[Mon, 08 Jan 18 16:43:02 +0800][INFO] SELECT `division`.`id`, `division`.`name`, `division`.`description`, `division`.`username`, `division`.`password`, `division`.`url` FROM `division` WHERE `division`.`id` = 1
[Mon, 08 Jan 18 16:43:16 +0800][INFO] SELECT IF(COUNT(*) > 0, 1, 0) FROM `INFORMATION_SCHEMA`.`TABLES` WHERE `TABLE_NAME` = 'division' AND `TABLE_SCHEMA` = DATABASE()
[Mon, 08 Jan 18 16:43:16 +0800][INFO] DESCRIBE `division`
[Mon, 08 Jan 18 16:43:16 +0800][INFO] SELECT `division`.`id`, `division`.`name`, `division`.`description`, `division`.`username`, `division`.`password`, `division`.`url` FROM `division` WHERE `division`.`id` = 1
[Mon, 08 Jan 18 16:43:31 +0800][INFO] SELECT IF(COUNT(*) > 0, 1, 0) FROM `INFORMATION_SCHEMA`.`TABLES` WHERE `TABLE_NAME` = 'division' AND `TABLE_SCHEMA` = DATABASE()
[Mon, 08 Jan 18 16:43:31 +0800][INFO] DESCRIBE `division`
[Mon, 08 Jan 18 16:43:31 +0800][INFO] SELECT `division`.`id`, `division`.`name`, `division`.`description`, `division`.`username`, `division`.`password`, `division`.`url` FROM `division` WHERE `division`.`id` = 1
[Mon, 08 Jan 18 16:43:59 +0800][INFO] SELECT IF(COUNT(*) > 0, 1, 0) FROM `INFORMATION_SCHEMA`.`TABLES` WHERE `TABLE_NAME` = 'division' AND `TABLE_SCHEMA` = DATABASE()
[Mon, 08 Jan 18 16:43:59 +0800][INFO] DESCRIBE `division`
[Mon, 08 Jan 18 16:43:59 +0800][INFO] SELECT `division`.`id`, `division`.`name`, `division`.`description`, `division`.`username`, `division`.`password`, `division`.`url` FROM `division` WHERE `division`.`id` = 1
[Mon, 08 Jan 18 16:44:02 +0800][INFO] SELECT IF(COUNT(*) > 0, 1, 0) FROM `INFORMATION_SCHEMA`.`TABLES` WHERE `TABLE_NAME` = 'division' AND `TABLE_SCHEMA` = DATABASE()
[Mon, 08 Jan 18 16:44:02 +0800][INFO] DESCRIBE `division`
[Mon, 08 Jan 18 16:44:02 +0800][INFO] SELECT `division`.`id`, `division`.`name`, `division`.`description`, `division`.`username`, `division`.`password`, `division`.`url` FROM `division` WHERE `division`.`id` = 1
[Mon, 08 Jan 18 16:46:07 +0800][INFO] SELECT IF(COUNT(*) > 0, 1, 0) FROM `INFORMATION_SCHEMA`.`TABLES` WHERE `TABLE_NAME` = 'division' AND `TABLE_SCHEMA` = DATABASE()
[Mon, 08 Jan 18 16:46:07 +0800][INFO] DESCRIBE `division`
[Mon, 08 Jan 18 16:46:07 +0800][INFO] SELECT `division`.`id`, `division`.`name`, `division`.`description`, `division`.`username`, `division`.`password`, `division`.`url` FROM `division` WHERE `division`.`id` = 1
